<?xml version="1.0" encoding="UTF-8"?>
<!-- Generated by org.testng.reporters.JUnitXMLReporter -->
<testsuite ignored="6" hostname="Jose" failures="0" tests="7" name="Default test" time="130.403" errors="0" timestamp="2024-10-31T14:50:31 IST">
  <testcase classname="Testpage.ScreenshotTest" name="testScreenshot" time="0.969"/>
  <testcase classname="Testpage.RegTest" name="Registration" time="30.889"/>
  <testcase classname="Testpage.LinksTest" name="links" time="58.939"/>
  <testcase classname="Testpage.LoginTest" name="logintest" time="0.004"/>
  <testcase classname="Testpage.HomepgTest" name="logoverification" time="0.071"/>
  <testcase classname="Testpage.HomepgTest" name="titleverification" time="0.055"/>
  <testcase classname="Testpage.SearchpgTest" name="datepicker" time="33.517"/>
  <testcase classname="Basepkg.BaseClass" name="@BeforeTest setUp" time="0.0">
    <ignored/>
  </testcase> <!-- @BeforeTest setUp -->
  <testcase classname="Basepkg.BaseClass" name="@BeforeTest setUp" time="0.0">
    <ignored/>
  </testcase> <!-- @BeforeTest setUp -->
  <testcase classname="Basepkg.BaseClass" name="@BeforeTest setUp" time="0.0">
    <ignored/>
  </testcase> <!-- @BeforeTest setUp -->
  <testcase classname="Basepkg.BaseClass" name="@BeforeTest setUp" time="0.0">
    <ignored/>
  </testcase> <!-- @BeforeTest setUp -->
  <testcase classname="Basepkg.BaseClass" name="@BeforeTest setUp" time="0.0">
    <ignored/>
  </testcase> <!-- @BeforeTest setUp -->
  <testcase classname="Basepkg.BaseClass" name="@BeforeTest setUp" time="0.0">
    <ignored/>
  </testcase> <!-- @BeforeTest setUp -->
</testsuite> <!-- Default test -->
