<?xml version="1.0" encoding="UTF-8"?>
<testng-results ignored="12" total="19" passed="7" failed="0" skipped="0">
  <reporter-output>
  </reporter-output>
  <suite started-at="2024-11-06T00:44:22 IST" name="Default suite" finished-at="2024-11-06T00:46:59 IST" duration-ms="156573">
    <groups>
    </groups>
    <test started-at="2024-11-06T00:44:22 IST" name="Default test" finished-at="2024-11-06T00:46:59 IST" duration-ms="156573">
      <class name="Testpage.HomepgTest">
        <test-method signature="logoverification()[pri:0, instance:Testpage.HomepgTest@5b12b668]" started-at="2024-11-06T00:46:24 IST" name="logoverification" finished-at="2024-11-06T00:46:24 IST" duration-ms="68" status="PASS">
          <reporter-output>
          </reporter-output>
        </test-method> <!-- logoverification -->
        <test-method signature="titleverification()[pri:0, instance:Testpage.HomepgTest@5b12b668]" started-at="2024-11-06T00:46:24 IST" name="titleverification" finished-at="2024-11-06T00:46:24 IST" duration-ms="16" status="PASS">
          <reporter-output>
          </reporter-output>
        </test-method> <!-- titleverification -->
      </class> <!-- Testpage.HomepgTest -->
      <class name="Testpage.ScreenshotTest">
        <test-method is-config="true" signature="setUp()[pri:0, instance:Testpage.ScreenshotTest@3c41ed1d]" started-at="2024-11-06T00:44:22 IST" name="setUp" finished-at="2024-11-06T00:44:26 IST" duration-ms="4105" status="PASS">
          <reporter-output>
          </reporter-output>
        </test-method> <!-- setUp -->
        <test-method signature="testScreenshot()[pri:0, instance:Testpage.ScreenshotTest@3c41ed1d]" started-at="2024-11-06T00:44:26 IST" name="testScreenshot" finished-at="2024-11-06T00:44:27 IST" duration-ms="946" status="PASS">
          <reporter-output>
          </reporter-output>
        </test-method> <!-- testScreenshot -->
        <test-method is-config="true" signature="tearDown()[pri:0, instance:Testpage.ScreenshotTest@3c41ed1d]" started-at="2024-11-06T00:46:58 IST" name="tearDown" finished-at="2024-11-06T00:46:59 IST" duration-ms="650" status="PASS">
          <reporter-output>
          </reporter-output>
        </test-method> <!-- tearDown -->
      </class> <!-- Testpage.ScreenshotTest -->
      <class name="Testpage.RegTest">
        <test-method signature="Registration()[pri:0, instance:Testpage.RegTest@2d1ef81a]" started-at="2024-11-06T00:44:27 IST" name="Registration" finished-at="2024-11-06T00:45:28 IST" duration-ms="60735" status="PASS">
          <reporter-output>
          </reporter-output>
        </test-method> <!-- Registration -->
      </class> <!-- Testpage.RegTest -->
      <class name="Testpage.SearchpgTest">
        <test-method signature="datepicker()[pri:0, instance:Testpage.SearchpgTest@1165b38]" started-at="2024-11-06T00:46:24 IST" name="datepicker" finished-at="2024-11-06T00:46:58 IST" duration-ms="34341" status="PASS">
          <reporter-output>
          </reporter-output>
        </test-method> <!-- datepicker -->
      </class> <!-- Testpage.SearchpgTest -->
      <class name="Testpage.LinksTest">
        <test-method signature="links()[pri:0, instance:Testpage.LinksTest@4c402120]" started-at="2024-11-06T00:45:28 IST" name="links" finished-at="2024-11-06T00:46:24 IST" duration-ms="55590" status="PASS">
          <reporter-output>
          </reporter-output>
        </test-method> <!-- links -->
      </class> <!-- Testpage.LinksTest -->
      <class name="Testpage.LoginTest">
        <test-method signature="logintest()[pri:0, instance:Testpage.LoginTest@327514f]" started-at="2024-11-06T00:46:24 IST" name="logintest" finished-at="2024-11-06T00:46:24 IST" duration-ms="0" status="PASS">
          <reporter-output>
          </reporter-output>
        </test-method> <!-- logintest -->
      </class> <!-- Testpage.LoginTest -->
    </test> <!-- Default test -->
  </suite> <!-- Default suite -->
</testng-results>
